[ 2017-10-04T21:09:20+08:00 ] ::1 /php/
INFO: [ app_init ] --START--
INFO: Run Behavior\BuildLiteBehavior [ RunTime:0.000000s ]
INFO: [ app_init ] --END-- [ RunTime:0.012001s ]
INFO: [ app_begin ] --START--
INFO: Run Behavior\ReadHtmlCacheBehavior [ RunTime:0.005000s ]
INFO: [ app_begin ] --END-- [ RunTime:0.005000s ]
SQL: SHOW COLUMNS FROM `hd_user` [ RunTime:0.0150s ]
SQL: SELECT `id`,`lock` FROM `hd_user` WHERE `account` = 'admin2' LIMIT 1   [ RunTime:0.0100s ]
SQL: SHOW COLUMNS FROM `hd_follow` [ RunTime:0.0140s ]
SQL: SELECT `follow` FROM `hd_follow` WHERE `fans` = 4  [ RunTime:0.0000s ]
SQL: SHOW COLUMNS FROM `hd_weibo` [ RunTime:0.0230s ]
SQL: SHOW COLUMNS FROM `hd_userinfo` [ RunTime:0.0050s ]
SQL: SHOW COLUMNS FROM `hd_picture` [ RunTime:0.0210s ]
SQL: SELECT COUNT(*) AS tp_count FROM hd_weibo weibo LEFT JOIN hd_userinfo userinfo ON weibo.uid=userinfo.uid LEFT JOIN hd_picture picture ON weibo.id=picture.wid WHERE weibo.uid IN ('4','5') LIMIT 1   [ RunTime:0.0010s ]
SQL: SELECT weibo.id AS id,weibo.content AS content,weibo.isturn AS isturn,weibo.time AS time,weibo.time AS time,weibo.keep AS keep,weibo.comment AS comment,weibo.uid AS uid,userinfo.face50 AS face,userinfo.username AS username,picture.max AS max,picture.mini AS mini,picture.medium AS medium FROM hd_weibo weibo LEFT JOIN hd_userinfo userinfo ON weibo.uid=userinfo.uid LEFT JOIN hd_picture picture ON weibo.id=picture.wid WHERE weibo.uid IN ('4','5') ORDER BY weibo.time desc LIMIT 0,5   [ RunTime:0.0080s ]
INFO: [ view_parse ] --START--
INFO: [ template_filter ] --START--
INFO: Run Behavior\ContentReplaceBehavior [ RunTime:0.001000s ]
INFO: [ template_filter ] --END-- [ RunTime:0.001000s ]
SQL: SELECT `style` FROM `hd_userinfo` WHERE `uid` = 4 LIMIT 1   [ RunTime:0.0000s ]
SQL: SELECT `username` FROM `hd_userinfo` WHERE `uid` = 4 LIMIT 1   [ RunTime:0.0000s ]
SQL: SHOW COLUMNS FROM `hd_group` [ RunTime:0.0060s ]
SQL: SELECT * FROM `hd_group` WHERE `uid` = 4  [ RunTime:0.0000s ]
SQL: SELECT * FROM `hd_group` WHERE ( uid=4 )  [ RunTime:0.0000s ]
NOTIC: [8] Undefined variable: id G:\PHP\htdocs\php\App\Runtime\Cache\Index\15e223c0f5bbcfc1b7e998e4a4f1b680.php 第 105 行.
NOTIC: [8] Undefined variable: id G:\PHP\htdocs\php\App\Runtime\Cache\Index\15e223c0f5bbcfc1b7e998e4a4f1b680.php 第 105 行.
NOTIC: [8] Undefined variable: id G:\PHP\htdocs\php\App\Runtime\Cache\Index\15e223c0f5bbcfc1b7e998e4a4f1b680.php 第 105 行.
NOTIC: [8] Undefined variable: id G:\PHP\htdocs\php\App\Runtime\Cache\Index\15e223c0f5bbcfc1b7e998e4a4f1b680.php 第 105 行.
SQL: SELECT * FROM `hd_group` WHERE ( uid=4 )  [ RunTime:0.0010s ]
NOTIC: [8] Undefined variable: id G:\PHP\htdocs\php\App\Runtime\Cache\Index\15e223c0f5bbcfc1b7e998e4a4f1b680.php 第 151 行.
NOTIC: [8] Undefined variable: id G:\PHP\htdocs\php\App\Runtime\Cache\Index\15e223c0f5bbcfc1b7e998e4a4f1b680.php 第 151 行.
NOTIC: [8] Undefined variable: id G:\PHP\htdocs\php\App\Runtime\Cache\Index\15e223c0f5bbcfc1b7e998e4a4f1b680.php 第 151 行.
NOTIC: [8] Undefined variable: id G:\PHP\htdocs\php\App\Runtime\Cache\Index\15e223c0f5bbcfc1b7e998e4a4f1b680.php 第 151 行.
NOTIC: [8] Undefined index: turn G:\PHP\htdocs\php\App\Runtime\Cache\Index\15e223c0f5bbcfc1b7e998e4a4f1b680.php 第 271 行.
NOTIC: [8] Undefined index: turn G:\PHP\htdocs\php\App\Runtime\Cache\Index\15e223c0f5bbcfc1b7e998e4a4f1b680.php 第 271 行.
NOTIC: [8] Undefined index: turn G:\PHP\htdocs\php\App\Runtime\Cache\Index\15e223c0f5bbcfc1b7e998e4a4f1b680.php 第 271 行.
NOTIC: [8] Undefined index: turn G:\PHP\htdocs\php\App\Runtime\Cache\Index\15e223c0f5bbcfc1b7e998e4a4f1b680.php 第 271 行.
NOTIC: [8] Undefined index: turn G:\PHP\htdocs\php\App\Runtime\Cache\Index\15e223c0f5bbcfc1b7e998e4a4f1b680.php 第 271 行.
NOTIC: [8] Undefined variable: uid G:\PHP\htdocs\php\App\Runtime\Cache\Index\15e223c0f5bbcfc1b7e998e4a4f1b680.php 第 421 行.
NOTIC: [8] Undefined variable: face G:\PHP\htdocs\php\App\Runtime\Cache\Index\15e223c0f5bbcfc1b7e998e4a4f1b680.php 第 422 行.
NOTIC: [8] Undefined variable: username G:\PHP\htdocs\php\App\Runtime\Cache\Index\15e223c0f5bbcfc1b7e998e4a4f1b680.php 第 422 行.
NOTIC: [8] Undefined variable: uid G:\PHP\htdocs\php\App\Runtime\Cache\Index\15e223c0f5bbcfc1b7e998e4a4f1b680.php 第 426 行.
NOTIC: [8] Undefined variable: username G:\PHP\htdocs\php\App\Runtime\Cache\Index\15e223c0f5bbcfc1b7e998e4a4f1b680.php 第 426 行.
NOTIC: [8] Undefined variable: uid G:\PHP\htdocs\php\App\Runtime\Cache\Index\15e223c0f5bbcfc1b7e998e4a4f1b680.php 第 430 行.
NOTIC: [8] Undefined variable: follow G:\PHP\htdocs\php\App\Runtime\Cache\Index\15e223c0f5bbcfc1b7e998e4a4f1b680.php 第 430 行.
NOTIC: [8] Undefined variable: uid G:\PHP\htdocs\php\App\Runtime\Cache\Index\15e223c0f5bbcfc1b7e998e4a4f1b680.php 第 431 行.
NOTIC: [8] Undefined variable: fans G:\PHP\htdocs\php\App\Runtime\Cache\Index\15e223c0f5bbcfc1b7e998e4a4f1b680.php 第 431 行.
NOTIC: [8] Undefined variable: uid G:\PHP\htdocs\php\App\Runtime\Cache\Index\15e223c0f5bbcfc1b7e998e4a4f1b680.php 第 433 行.
NOTIC: [8] Array to string conversion G:\PHP\htdocs\php\App\Runtime\Cache\Index\15e223c0f5bbcfc1b7e998e4a4f1b680.php 第 433 行.
NOTIC: [8] Undefined variable: uid G:\PHP\htdocs\php\App\Runtime\Cache\Index\15e223c0f5bbcfc1b7e998e4a4f1b680.php 第 446 行.
NOTIC: [8] Undefined variable: face G:\PHP\htdocs\php\App\Runtime\Cache\Index\15e223c0f5bbcfc1b7e998e4a4f1b680.php 第 447 行.
NOTIC: [8] Undefined variable: uid G:\PHP\htdocs\php\App\Runtime\Cache\Index\15e223c0f5bbcfc1b7e998e4a4f1b680.php 第 450 行.
NOTIC: [8] Undefined variable: username G:\PHP\htdocs\php\App\Runtime\Cache\Index\15e223c0f5bbcfc1b7e998e4a4f1b680.php 第 450 行.
NOTIC: [8] Undefined variable: count G:\PHP\htdocs\php\App\Runtime\Cache\Index\15e223c0f5bbcfc1b7e998e4a4f1b680.php 第 451 行.
NOTIC: [8] Undefined variable: uid G:\PHP\htdocs\php\App\Runtime\Cache\Index\15e223c0f5bbcfc1b7e998e4a4f1b680.php 第 453 行.
INFO: Run Behavior\ParseTemplateBehavior [ RunTime:0.094006s ]
INFO: [ view_parse ] --END-- [ RunTime:0.094006s ]
INFO: [ view_filter ] --START--
INFO: Run Behavior\WriteHtmlCacheBehavior [ RunTime:0.001000s ]
INFO: [ view_filter ] --END-- [ RunTime:0.001000s ]
INFO: [ app_end ] --START--
INFO: Run Behavior\ShowPageTraceBehavior [ RunTime:0.001000s ]
INFO: [ app_end ] --END-- [ RunTime:0.001000s ]

[ 2017-10-04T21:09:20+08:00 ] ::1 /php/index.php/Index/Index/getMsg
INFO: [ app_init ] --START--
INFO: Run Behavior\BuildLiteBehavior [ RunTime:0.000000s ]
INFO: [ app_init ] --END-- [ RunTime:0.000000s ]
INFO: [ app_begin ] --START--
INFO: Run Behavior\ReadHtmlCacheBehavior [ RunTime:0.000000s ]
INFO: [ app_begin ] --END-- [ RunTime:0.000000s ]
ERR: 非法操作:getMsg

[ 2017-10-04T21:09:42+08:00 ] ::1 /php/index.php/Index/Index/turn
INFO: [ app_init ] --START--
INFO: Run Behavior\BuildLiteBehavior [ RunTime:0.000000s ]
INFO: [ app_init ] --END-- [ RunTime:0.001000s ]
INFO: [ app_begin ] --START--
INFO: Run Behavior\ReadHtmlCacheBehavior [ RunTime:0.001000s ]
INFO: [ app_begin ] --END-- [ RunTime:0.001000s ]
ERR: 非法操作:turn

[ 2017-10-04T21:09:44+08:00 ] ::1 /php/index.php/Index/Index/getMsg
INFO: [ app_init ] --START--
INFO: Run Behavior\BuildLiteBehavior [ RunTime:0.000000s ]
INFO: [ app_init ] --END-- [ RunTime:0.003000s ]
INFO: [ app_begin ] --START--
INFO: Run Behavior\ReadHtmlCacheBehavior [ RunTime:0.002001s ]
INFO: [ app_begin ] --END-- [ RunTime:0.002001s ]
ERR: 非法操作:getMsg

[ 2017-10-04T21:14:00+08:00 ] ::1 /php/
INFO: [ app_init ] --START--
INFO: Run Behavior\BuildLiteBehavior [ RunTime:0.000000s ]
INFO: [ app_init ] --END-- [ RunTime:0.000000s ]
INFO: [ app_begin ] --START--
INFO: Run Behavior\ReadHtmlCacheBehavior [ RunTime:0.001000s ]
INFO: [ app_begin ] --END-- [ RunTime:0.001000s ]
SQL: SHOW COLUMNS FROM `hd_follow` [ RunTime:0.0060s ]
SQL: SELECT `follow` FROM `hd_follow` WHERE `fans` = 4  [ RunTime:0.0000s ]
SQL: SHOW COLUMNS FROM `hd_weibo` [ RunTime:0.0060s ]
SQL: SHOW COLUMNS FROM `hd_userinfo` [ RunTime:0.0060s ]
SQL: SHOW COLUMNS FROM `hd_picture` [ RunTime:0.0050s ]
SQL: SELECT COUNT(*) AS tp_count FROM hd_weibo weibo LEFT JOIN hd_userinfo userinfo ON weibo.uid=userinfo.uid LEFT JOIN hd_picture picture ON weibo.id=picture.wid WHERE weibo.uid IN ('4','5') LIMIT 1   [ RunTime:0.0000s ]
SQL: SELECT weibo.id AS id,weibo.content AS content,weibo.isturn AS isturn,weibo.time AS time,weibo.time AS time,weibo.keep AS keep,weibo.comment AS comment,weibo.uid AS uid,userinfo.face50 AS face,userinfo.username AS username,picture.max AS max,picture.mini AS mini,picture.medium AS medium FROM hd_weibo weibo LEFT JOIN hd_userinfo userinfo ON weibo.uid=userinfo.uid LEFT JOIN hd_picture picture ON weibo.id=picture.wid WHERE weibo.uid IN ('4','5') ORDER BY weibo.time desc LIMIT 0,5   [ RunTime:0.0000s ]
INFO: [ view_parse ] --START--
INFO: [ template_filter ] --START--
INFO: Run Behavior\ContentReplaceBehavior [ RunTime:0.000000s ]
INFO: [ template_filter ] --END-- [ RunTime:0.000000s ]
SQL: SELECT `style` FROM `hd_userinfo` WHERE `uid` = 4 LIMIT 1   [ RunTime:0.0010s ]
SQL: SELECT `username` FROM `hd_userinfo` WHERE `uid` = 4 LIMIT 1   [ RunTime:0.0010s ]
SQL: SHOW COLUMNS FROM `hd_group` [ RunTime:0.0070s ]
SQL: SELECT * FROM `hd_group` WHERE `uid` = 4  [ RunTime:0.0000s ]
SQL: SELECT * FROM `hd_group` WHERE ( uid=4 )  [ RunTime:0.0000s ]
NOTIC: [8] Undefined variable: id G:\PHP\htdocs\php\App\Runtime\Cache\Index\15e223c0f5bbcfc1b7e998e4a4f1b680.php 第 105 行.
NOTIC: [8] Undefined variable: id G:\PHP\htdocs\php\App\Runtime\Cache\Index\15e223c0f5bbcfc1b7e998e4a4f1b680.php 第 105 行.
NOTIC: [8] Undefined variable: id G:\PHP\htdocs\php\App\Runtime\Cache\Index\15e223c0f5bbcfc1b7e998e4a4f1b680.php 第 105 行.
NOTIC: [8] Undefined variable: id G:\PHP\htdocs\php\App\Runtime\Cache\Index\15e223c0f5bbcfc1b7e998e4a4f1b680.php 第 105 行.
SQL: SELECT * FROM `hd_group` WHERE ( uid=4 )  [ RunTime:0.0000s ]
NOTIC: [8] Undefined variable: id G:\PHP\htdocs\php\App\Runtime\Cache\Index\15e223c0f5bbcfc1b7e998e4a4f1b680.php 第 151 行.
NOTIC: [8] Undefined variable: id G:\PHP\htdocs\php\App\Runtime\Cache\Index\15e223c0f5bbcfc1b7e998e4a4f1b680.php 第 151 行.
NOTIC: [8] Undefined variable: id G:\PHP\htdocs\php\App\Runtime\Cache\Index\15e223c0f5bbcfc1b7e998e4a4f1b680.php 第 151 行.
NOTIC: [8] Undefined variable: id G:\PHP\htdocs\php\App\Runtime\Cache\Index\15e223c0f5bbcfc1b7e998e4a4f1b680.php 第 151 行.
NOTIC: [8] Undefined index: turn G:\PHP\htdocs\php\App\Runtime\Cache\Index\15e223c0f5bbcfc1b7e998e4a4f1b680.php 第 271 行.
NOTIC: [8] Undefined index: turn G:\PHP\htdocs\php\App\Runtime\Cache\Index\15e223c0f5bbcfc1b7e998e4a4f1b680.php 第 271 行.
NOTIC: [8] Undefined index: turn G:\PHP\htdocs\php\App\Runtime\Cache\Index\15e223c0f5bbcfc1b7e998e4a4f1b680.php 第 271 行.
NOTIC: [8] Undefined index: turn G:\PHP\htdocs\php\App\Runtime\Cache\Index\15e223c0f5bbcfc1b7e998e4a4f1b680.php 第 271 行.
NOTIC: [8] Undefined index: turn G:\PHP\htdocs\php\App\Runtime\Cache\Index\15e223c0f5bbcfc1b7e998e4a4f1b680.php 第 271 行.
NOTIC: [8] Undefined variable: uid G:\PHP\htdocs\php\App\Runtime\Cache\Index\15e223c0f5bbcfc1b7e998e4a4f1b680.php 第 421 行.
NOTIC: [8] Undefined variable: face G:\PHP\htdocs\php\App\Runtime\Cache\Index\15e223c0f5bbcfc1b7e998e4a4f1b680.php 第 422 行.
NOTIC: [8] Undefined variable: username G:\PHP\htdocs\php\App\Runtime\Cache\Index\15e223c0f5bbcfc1b7e998e4a4f1b680.php 第 422 行.
NOTIC: [8] Undefined variable: uid G:\PHP\htdocs\php\App\Runtime\Cache\Index\15e223c0f5bbcfc1b7e998e4a4f1b680.php 第 426 行.
NOTIC: [8] Undefined variable: username G:\PHP\htdocs\php\App\Runtime\Cache\Index\15e223c0f5bbcfc1b7e998e4a4f1b680.php 第 426 行.
NOTIC: [8] Undefined variable: uid G:\PHP\htdocs\php\App\Runtime\Cache\Index\15e223c0f5bbcfc1b7e998e4a4f1b680.php 第 430 行.
NOTIC: [8] Undefined variable: follow G:\PHP\htdocs\php\App\Runtime\Cache\Index\15e223c0f5bbcfc1b7e998e4a4f1b680.php 第 430 行.
NOTIC: [8] Undefined variable: uid G:\PHP\htdocs\php\App\Runtime\Cache\Index\15e223c0f5bbcfc1b7e998e4a4f1b680.php 第 431 行.
NOTIC: [8] Undefined variable: fans G:\PHP\htdocs\php\App\Runtime\Cache\Index\15e223c0f5bbcfc1b7e998e4a4f1b680.php 第 431 行.
NOTIC: [8] Undefined variable: uid G:\PHP\htdocs\php\App\Runtime\Cache\Index\15e223c0f5bbcfc1b7e998e4a4f1b680.php 第 433 行.
NOTIC: [8] Array to string conversion G:\PHP\htdocs\php\App\Runtime\Cache\Index\15e223c0f5bbcfc1b7e998e4a4f1b680.php 第 433 行.
NOTIC: [8] Undefined variable: uid G:\PHP\htdocs\php\App\Runtime\Cache\Index\15e223c0f5bbcfc1b7e998e4a4f1b680.php 第 446 行.
NOTIC: [8] Undefined variable: face G:\PHP\htdocs\php\App\Runtime\Cache\Index\15e223c0f5bbcfc1b7e998e4a4f1b680.php 第 447 行.
NOTIC: [8] Undefined variable: uid G:\PHP\htdocs\php\App\Runtime\Cache\Index\15e223c0f5bbcfc1b7e998e4a4f1b680.php 第 450 行.
NOTIC: [8] Undefined variable: username G:\PHP\htdocs\php\App\Runtime\Cache\Index\15e223c0f5bbcfc1b7e998e4a4f1b680.php 第 450 行.
NOTIC: [8] Undefined variable: count G:\PHP\htdocs\php\App\Runtime\Cache\Index\15e223c0f5bbcfc1b7e998e4a4f1b680.php 第 451 行.
NOTIC: [8] Undefined variable: uid G:\PHP\htdocs\php\App\Runtime\Cache\Index\15e223c0f5bbcfc1b7e998e4a4f1b680.php 第 453 行.
INFO: Run Behavior\ParseTemplateBehavior [ RunTime:0.032002s ]
INFO: [ view_parse ] --END-- [ RunTime:0.032002s ]
INFO: [ view_filter ] --START--
INFO: Run Behavior\WriteHtmlCacheBehavior [ RunTime:0.000000s ]
INFO: [ view_filter ] --END-- [ RunTime:0.000000s ]
INFO: [ app_end ] --START--
INFO: Run Behavior\ShowPageTraceBehavior [ RunTime:0.001000s ]
INFO: [ app_end ] --END-- [ RunTime:0.001000s ]

[ 2017-10-04T21:14:00+08:00 ] ::1 /php/index.php/Index/Index/getMsg
INFO: [ app_init ] --START--
INFO: Run Behavior\BuildLiteBehavior [ RunTime:0.000000s ]
INFO: [ app_init ] --END-- [ RunTime:0.001000s ]
INFO: [ app_begin ] --START--
INFO: Run Behavior\ReadHtmlCacheBehavior [ RunTime:0.001000s ]
INFO: [ app_begin ] --END-- [ RunTime:0.001000s ]
ERR: 非法操作:getMsg

[ 2017-10-04T21:14:05+08:00 ] ::1 /php/index.php/Index/Index/turn
INFO: [ app_init ] --START--
INFO: Run Behavior\BuildLiteBehavior [ RunTime:0.000000s ]
INFO: [ app_init ] --END-- [ RunTime:0.001000s ]
INFO: [ app_begin ] --START--
INFO: Run Behavior\ReadHtmlCacheBehavior [ RunTime:0.000000s ]
INFO: [ app_begin ] --END-- [ RunTime:0.000000s ]
SQL: SHOW COLUMNS FROM `hd_weibo` [ RunTime:0.0060s ]
SQL: INSERT INTO `hd_weibo` (`content`,`isturn`,`time`,`uid`) VALUES ('1','8','1507122845','4') [ RunTime:0.0010s ]
SQL: UPDATE `hd_weibo` SET `turn`=turn+1 WHERE `id` = 8 [ RunTime:0.0000s ]
SQL: SHOW COLUMNS FROM `hd_userinfo` [ RunTime:0.0070s ]
SQL: UPDATE `hd_userinfo` SET `weibo`=weibo+1 WHERE `uid` = 4 [ RunTime:0.0000s ]
ERR: Think\Controller:_atmeHandel方法不存在！

[ 2017-10-04T21:14:10+08:00 ] ::1 /php/index.php/Index/Index/getMsg
INFO: [ app_init ] --START--
INFO: Run Behavior\BuildLiteBehavior [ RunTime:0.000000s ]
INFO: [ app_init ] --END-- [ RunTime:0.000000s ]
INFO: [ app_begin ] --START--
INFO: Run Behavior\ReadHtmlCacheBehavior [ RunTime:0.000000s ]
INFO: [ app_begin ] --END-- [ RunTime:0.000000s ]
ERR: 非法操作:getMsg

[ 2017-10-04T21:16:18+08:00 ] ::1 /php/index.php/Index/Index/turn
INFO: [ app_init ] --START--
INFO: Run Behavior\BuildLiteBehavior [ RunTime:0.000000s ]
INFO: [ app_init ] --END-- [ RunTime:0.000000s ]
INFO: [ app_begin ] --START--
INFO: Run Behavior\ReadHtmlCacheBehavior [ RunTime:0.000000s ]
INFO: [ app_begin ] --END-- [ RunTime:0.000000s ]
SQL: SHOW COLUMNS FROM `hd_weibo` [ RunTime:0.0070s ]
SQL: INSERT INTO `hd_weibo` (`content`,`isturn`,`time`,`uid`) VALUES ('1','8','1507122978','4') [ RunTime:0.0010s ]
SQL: UPDATE `hd_weibo` SET `turn`=turn+1 WHERE `id` = 8 [ RunTime:0.0000s ]
SQL: SHOW COLUMNS FROM `hd_userinfo` [ RunTime:0.0070s ]
SQL: UPDATE `hd_userinfo` SET `weibo`=weibo+1 WHERE `uid` = 4 [ RunTime:0.0000s ]
ERR: Think\Controller:_atmeHandel方法不存在！

[ 2017-10-04T22:51:24+08:00 ] ::1 /php/index.php/Index/Index/getMsg
INFO: [ app_init ] --START--
INFO: Run Behavior\BuildLiteBehavior [ RunTime:0.000000s ]
INFO: [ app_init ] --END-- [ RunTime:0.000000s ]
INFO: [ app_begin ] --START--
INFO: Run Behavior\ReadHtmlCacheBehavior [ RunTime:0.000000s ]
INFO: [ app_begin ] --END-- [ RunTime:0.000000s ]
ERR: 非法操作:getMsg

[ 2017-10-04T22:51:29+08:00 ] ::1 /php/index.php/Index/UserSetting/index
INFO: [ app_init ] --START--
INFO: Run Behavior\BuildLiteBehavior [ RunTime:0.000000s ]
INFO: [ app_init ] --END-- [ RunTime:0.001000s ]
INFO: [ app_begin ] --START--
INFO: Run Behavior\ReadHtmlCacheBehavior [ RunTime:0.000000s ]
INFO: [ app_begin ] --END-- [ RunTime:0.000000s ]
SQL: SHOW COLUMNS FROM `hd_userinfo` [ RunTime:0.0050s ]
SQL: SELECT * FROM `hd_userinfo` WHERE `uid` = 4 LIMIT 1   [ RunTime:0.0010s ]
INFO: [ view_parse ] --START--
INFO: [ template_filter ] --START--
INFO: Run Behavior\ContentReplaceBehavior [ RunTime:0.000000s ]
INFO: [ template_filter ] --END-- [ RunTime:0.000000s ]
SQL: SELECT `style` FROM `hd_userinfo` WHERE `uid` = 4 LIMIT 1   [ RunTime:0.0010s ]
SQL: SELECT `username` FROM `hd_userinfo` WHERE `uid` = 4 LIMIT 1   [ RunTime:0.0010s ]
SQL: SHOW COLUMNS FROM `hd_group` [ RunTime:0.0020s ]
SQL: SELECT * FROM `hd_group` WHERE `uid` = 4  [ RunTime:0.0000s ]
SQL: SELECT * FROM `hd_group` WHERE ( uid=4 )  [ RunTime:0.0010s ]
NOTIC: [8] Undefined variable: id G:\PHP\htdocs\php\App\Runtime\Cache\Index\078012bd50ed1a572c830d973d7b1b69.php 第 105 行.
NOTIC: [8] Undefined variable: id G:\PHP\htdocs\php\App\Runtime\Cache\Index\078012bd50ed1a572c830d973d7b1b69.php 第 105 行.
NOTIC: [8] Undefined variable: id G:\PHP\htdocs\php\App\Runtime\Cache\Index\078012bd50ed1a572c830d973d7b1b69.php 第 105 行.
NOTIC: [8] Undefined variable: id G:\PHP\htdocs\php\App\Runtime\Cache\Index\078012bd50ed1a572c830d973d7b1b69.php 第 105 行.
SQL: SELECT * FROM `hd_group` WHERE ( uid=4 )  [ RunTime:0.0000s ]
NOTIC: [8] Undefined variable: id G:\PHP\htdocs\php\App\Runtime\Cache\Index\078012bd50ed1a572c830d973d7b1b69.php 第 152 行.
NOTIC: [8] Undefined variable: id G:\PHP\htdocs\php\App\Runtime\Cache\Index\078012bd50ed1a572c830d973d7b1b69.php 第 152 行.
NOTIC: [8] Undefined variable: id G:\PHP\htdocs\php\App\Runtime\Cache\Index\078012bd50ed1a572c830d973d7b1b69.php 第 152 行.
NOTIC: [8] Undefined variable: id G:\PHP\htdocs\php\App\Runtime\Cache\Index\078012bd50ed1a572c830d973d7b1b69.php 第 152 行.
INFO: Run Behavior\ParseTemplateBehavior [ RunTime:0.029001s ]
INFO: [ view_parse ] --END-- [ RunTime:0.029001s ]
INFO: [ view_filter ] --START--
INFO: Run Behavior\WriteHtmlCacheBehavior [ RunTime:0.001000s ]
INFO: [ view_filter ] --END-- [ RunTime:0.001000s ]
INFO: [ app_end ] --START--
INFO: Run Behavior\ShowPageTraceBehavior [ RunTime:0.000000s ]
INFO: [ app_end ] --END-- [ RunTime:0.000000s ]

[ 2017-10-04T22:51:29+08:00 ] ::1 /php/index.php/Index/UserSetting/getMsg
INFO: [ app_init ] --START--
INFO: Run Behavior\BuildLiteBehavior [ RunTime:0.000000s ]
INFO: [ app_init ] --END-- [ RunTime:0.000000s ]
INFO: [ app_begin ] --START--
INFO: Run Behavior\ReadHtmlCacheBehavior [ RunTime:0.001000s ]
INFO: [ app_begin ] --END-- [ RunTime:0.001000s ]
ERR: 非法操作:getMsg

[ 2017-10-04T22:52:36+08:00 ] ::1 /php/index.php/Index/UserSetting/
INFO: [ app_init ] --START--
INFO: Run Behavior\BuildLiteBehavior [ RunTime:0.000000s ]
INFO: [ app_init ] --END-- [ RunTime:0.001000s ]
INFO: [ app_begin ] --START--
INFO: Run Behavior\ReadHtmlCacheBehavior [ RunTime:0.001000s ]
INFO: [ app_begin ] --END-- [ RunTime:0.001000s ]
SQL: SHOW COLUMNS FROM `hd_userinfo` [ RunTime:0.0120s ]
SQL: SELECT * FROM `hd_userinfo` WHERE `uid` = 4 LIMIT 1   [ RunTime:0.0000s ]
INFO: [ view_parse ] --START--
INFO: [ template_filter ] --START--
INFO: Run Behavior\ContentReplaceBehavior [ RunTime:0.000000s ]
INFO: [ template_filter ] --END-- [ RunTime:0.000000s ]
SQL: SELECT `style` FROM `hd_userinfo` WHERE `uid` = 4 LIMIT 1   [ RunTime:0.0000s ]
SQL: SELECT `username` FROM `hd_userinfo` WHERE `uid` = 4 LIMIT 1   [ RunTime:0.0000s ]
SQL: SHOW COLUMNS FROM `hd_group` [ RunTime:0.0120s ]
SQL: SELECT * FROM `hd_group` WHERE `uid` = 4  [ RunTime:0.0000s ]
SQL: SELECT * FROM `hd_group` WHERE ( uid=4 )  [ RunTime:0.0010s ]
NOTIC: [8] Undefined variable: id G:\PHP\htdocs\php\App\Runtime\Cache\Index\078012bd50ed1a572c830d973d7b1b69.php 第 105 行.
NOTIC: [8] Undefined variable: id G:\PHP\htdocs\php\App\Runtime\Cache\Index\078012bd50ed1a572c830d973d7b1b69.php 第 105 行.
NOTIC: [8] Undefined variable: id G:\PHP\htdocs\php\App\Runtime\Cache\Index\078012bd50ed1a572c830d973d7b1b69.php 第 105 行.
NOTIC: [8] Undefined variable: id G:\PHP\htdocs\php\App\Runtime\Cache\Index\078012bd50ed1a572c830d973d7b1b69.php 第 105 行.
SQL: SELECT * FROM `hd_group` WHERE ( uid=4 )  [ RunTime:0.0000s ]
NOTIC: [8] Undefined variable: id G:\PHP\htdocs\php\App\Runtime\Cache\Index\078012bd50ed1a572c830d973d7b1b69.php 第 152 行.
NOTIC: [8] Undefined variable: id G:\PHP\htdocs\php\App\Runtime\Cache\Index\078012bd50ed1a572c830d973d7b1b69.php 第 152 行.
NOTIC: [8] Undefined variable: id G:\PHP\htdocs\php\App\Runtime\Cache\Index\078012bd50ed1a572c830d973d7b1b69.php 第 152 行.
NOTIC: [8] Undefined variable: id G:\PHP\htdocs\php\App\Runtime\Cache\Index\078012bd50ed1a572c830d973d7b1b69.php 第 152 行.
INFO: Run Behavior\ParseTemplateBehavior [ RunTime:0.035002s ]
INFO: [ view_parse ] --END-- [ RunTime:0.035002s ]
INFO: [ view_filter ] --START--
INFO: Run Behavior\WriteHtmlCacheBehavior [ RunTime:0.001000s ]
INFO: [ view_filter ] --END-- [ RunTime:0.001000s ]
INFO: [ app_end ] --START--
INFO: Run Behavior\ShowPageTraceBehavior [ RunTime:0.001000s ]
INFO: [ app_end ] --END-- [ RunTime:0.001000s ]

[ 2017-10-04T22:52:41+08:00 ] ::1 /php/index.php/Index/UserSetting/
INFO: [ app_init ] --START--
INFO: Run Behavior\BuildLiteBehavior [ RunTime:0.000000s ]
INFO: [ app_init ] --END-- [ RunTime:0.001000s ]
INFO: [ app_begin ] --START--
INFO: Run Behavior\ReadHtmlCacheBehavior [ RunTime:0.001000s ]
INFO: [ app_begin ] --END-- [ RunTime:0.001000s ]
SQL: SHOW COLUMNS FROM `hd_userinfo` [ RunTime:0.0090s ]
SQL: SELECT * FROM `hd_userinfo` WHERE `uid` = 4 LIMIT 1   [ RunTime:0.0010s ]
INFO: [ view_parse ] --START--
INFO: [ template_filter ] --START--
INFO: Run Behavior\ContentReplaceBehavior [ RunTime:0.001000s ]
INFO: [ template_filter ] --END-- [ RunTime:0.001000s ]
SQL: SELECT `style` FROM `hd_userinfo` WHERE `uid` = 4 LIMIT 1   [ RunTime:0.0000s ]
SQL: SELECT `username` FROM `hd_userinfo` WHERE `uid` = 4 LIMIT 1   [ RunTime:0.0010s ]
SQL: SHOW COLUMNS FROM `hd_group` [ RunTime:0.0060s ]
SQL: SELECT * FROM `hd_group` WHERE `uid` = 4  [ RunTime:0.0000s ]
SQL: SELECT * FROM `hd_group` WHERE ( uid=4 )  [ RunTime:0.0000s ]
NOTIC: [8] Undefined variable: id G:\PHP\htdocs\php\App\Runtime\Cache\Index\078012bd50ed1a572c830d973d7b1b69.php 第 105 行.
NOTIC: [8] Undefined variable: id G:\PHP\htdocs\php\App\Runtime\Cache\Index\078012bd50ed1a572c830d973d7b1b69.php 第 105 行.
NOTIC: [8] Undefined variable: id G:\PHP\htdocs\php\App\Runtime\Cache\Index\078012bd50ed1a572c830d973d7b1b69.php 第 105 行.
NOTIC: [8] Undefined variable: id G:\PHP\htdocs\php\App\Runtime\Cache\Index\078012bd50ed1a572c830d973d7b1b69.php 第 105 行.
SQL: SELECT * FROM `hd_group` WHERE ( uid=4 )  [ RunTime:0.0000s ]
NOTIC: [8] Undefined variable: id G:\PHP\htdocs\php\App\Runtime\Cache\Index\078012bd50ed1a572c830d973d7b1b69.php 第 152 行.
NOTIC: [8] Undefined variable: id G:\PHP\htdocs\php\App\Runtime\Cache\Index\078012bd50ed1a572c830d973d7b1b69.php 第 152 行.
NOTIC: [8] Undefined variable: id G:\PHP\htdocs\php\App\Runtime\Cache\Index\078012bd50ed1a572c830d973d7b1b69.php 第 152 行.
NOTIC: [8] Undefined variable: id G:\PHP\htdocs\php\App\Runtime\Cache\Index\078012bd50ed1a572c830d973d7b1b69.php 第 152 行.
INFO: Run Behavior\ParseTemplateBehavior [ RunTime:0.019001s ]
INFO: [ view_parse ] --END-- [ RunTime:0.019001s ]
INFO: [ view_filter ] --START--
INFO: Run Behavior\WriteHtmlCacheBehavior [ RunTime:0.001000s ]
INFO: [ view_filter ] --END-- [ RunTime:0.001000s ]
INFO: [ app_end ] --START--
INFO: Run Behavior\ShowPageTraceBehavior [ RunTime:0.000000s ]
INFO: [ app_end ] --END-- [ RunTime:0.000000s ]

